c:\users\97252\source\repos\semester_a_final_project\semester_a_final_project\x64\debug\vc143.pdb
c:\users\97252\source\repos\semester_a_final_project\semester_a_final_project\x64\debug\vc143.idb
c:\users\97252\source\repos\semester_a_final_project\semester_a_final_project\x64\debug\twentysnaps.obj
c:\users\97252\source\repos\semester_a_final_project\semester_a_final_project\x64\debug\saveinfile.obj
c:\users\97252\source\repos\semester_a_final_project\semester_a_final_project\x64\debug\onesnapshot.obj
c:\users\97252\source\repos\semester_a_final_project\semester_a_final_project\x64\debug\main.obj
c:\users\97252\source\repos\semester_a_final_project\semester_a_final_project\x64\debug\longsnapshot.obj
c:\users\97252\source\repos\semester_a_final_project\semester_a_final_project\x64\debug\log.obj
c:\users\97252\source\repos\semester_a_final_project\semester_a_final_project\x64\debug\loadfromfile.obj
c:\users\97252\source\repos\semester_a_final_project\semester_a_final_project\x64\debug\freememory.obj
c:\users\97252\source\repos\semester_a_final_project\semester_a_final_project\x64\debug\addsnapshot.obj
c:\users\97252\source\repos\semester_a_final_project\semester_a_final_project\x64\debug\addprocess.obj
c:\users\97252\source\repos\semester_a_final_project\semester_a_final_project\x64\debug\adddll.obj
c:\users\97252\source\repos\semester_a_final_project\semester_a_final_project\x64\debug\generatehtml.obj
c:\users\97252\source\repos\semester_a_final_project\x64\debug\semester_a_final_project.exe
c:\users\97252\source\repos\semester_a_final_project\semester_a_final_project\x64\debug\semester_a_final_project.ilk
c:\users\97252\source\repos\semester_a_final_project\x64\debug\semester_a_final_project.pdb
c:\users\97252\source\repos\semester_a_final_project\semester_a_final_project\x64\debug\generatehtml.obj.enc
c:\users\97252\source\repos\semester_a_final_project\semester_a_final_project\x64\debug\semester.091be14d.tlog\cl.command.1.tlog
c:\users\97252\source\repos\semester_a_final_project\semester_a_final_project\x64\debug\semester.091be14d.tlog\cl.read.1.tlog
c:\users\97252\source\repos\semester_a_final_project\semester_a_final_project\x64\debug\semester.091be14d.tlog\cl.write.1.tlog
c:\users\97252\source\repos\semester_a_final_project\semester_a_final_project\x64\debug\semester.091be14d.tlog\link.command.1.tlog
c:\users\97252\source\repos\semester_a_final_project\semester_a_final_project\x64\debug\semester.091be14d.tlog\link.read.1.tlog
c:\users\97252\source\repos\semester_a_final_project\semester_a_final_project\x64\debug\semester.091be14d.tlog\link.write.1.tlog
